{"/home/ruda/Documents/projeto21-sing-me-a-song/back-end/src/app.ts": {"path":"/home/ruda/Documents/projeto21-sing-me-a-song/back-end/src/app.ts","statementMap":{"0":{"start":{"line":1,"column":0},"end":{"line":1,"column":24}},"1":{"start":{"line":2,"column":0},"end":{"line":2,"column":30}},"2":{"start":{"line":3,"column":0},"end":{"line":3,"column":30}},"3":{"start":{"line":4,"column":0},"end":{"line":4,"column":81}},"4":{"start":{"line":5,"column":0},"end":{"line":5,"column":69}},"5":{"start":{"line":7,"column":12},"end":{"line":7,"column":21}},"6":{"start":{"line":8,"column":0},"end":{"line":8,"column":16}},"7":{"start":{"line":9,"column":0},"end":{"line":9,"column":24}},"8":{"start":{"line":11,"column":0},"end":{"line":11,"column":50}},"9":{"start":{"line":12,"column":0},"end":{"line":12,"column":32}},"10":{"start":{"line":14,"column":0},"end":{"line":14,"column":19}}},"fnMap":{},"branchMap":{},"s":{"0":1,"1":1,"2":1,"3":1,"4":1,"5":1,"6":1,"7":1,"8":1,"9":1,"10":1},"f":{},"b":{}}
,"/home/ruda/Documents/projeto21-sing-me-a-song/back-end/src/database.ts": {"path":"/home/ruda/Documents/projeto21-sing-me-a-song/back-end/src/database.ts","statementMap":{"0":{"start":{"line":1,"column":0},"end":{"line":1,"column":32}},"1":{"start":{"line":3,"column":25},"end":{"line":3,"column":28}},"2":{"start":{"line":5,"column":13},"end":{"line":5,"column":null}}},"fnMap":{},"branchMap":{},"s":{"0":1,"1":1,"2":1},"f":{},"b":{}}
,"/home/ruda/Documents/projeto21-sing-me-a-song/back-end/src/controllers/recommendationController.ts": {"path":"/home/ruda/Documents/projeto21-sing-me-a-song/back-end/src/controllers/recommendationController.ts","statementMap":{"0":{"start":{"line":2,"column":0},"end":{"line":2,"column":76}},"1":{"start":{"line":3,"column":0},"end":{"line":3,"column":78}},"2":{"start":{"line":4,"column":0},"end":{"line":4,"column":58}},"3":{"start":{"line":7,"column":23},"end":{"line":7,"column":62}},"4":{"start":{"line":8,"column":4},"end":{"line":10,"column":null}},"5":{"start":{"line":9,"column":8},"end":{"line":9,"column":33}},"6":{"start":{"line":12,"column":4},"end":{"line":12,"column":49}},"7":{"start":{"line":14,"column":4},"end":{"line":14,"column":24}},"8":{"start":{"line":18,"column":19},"end":{"line":18,"column":29}},"9":{"start":{"line":20,"column":4},"end":{"line":20,"column":44}},"10":{"start":{"line":22,"column":4},"end":{"line":22,"column":24}},"11":{"start":{"line":26,"column":19},"end":{"line":26,"column":29}},"12":{"start":{"line":28,"column":4},"end":{"line":28,"column":46}},"13":{"start":{"line":30,"column":4},"end":{"line":30,"column":24}},"14":{"start":{"line":34,"column":33},"end":{"line":34,"column":72}},"15":{"start":{"line":36,"column":4},"end":{"line":36,"column":35}},"16":{"start":{"line":40,"column":28},"end":{"line":40,"column":61}},"17":{"start":{"line":41,"column":4},"end":{"line":41,"column":30}},"18":{"start":{"line":45,"column":23},"end":{"line":45,"column":33}},"19":{"start":{"line":47,"column":28},"end":{"line":47,"column":71}},"20":{"start":{"line":48,"column":4},"end":{"line":48,"column":30}},"21":{"start":{"line":52,"column":19},"end":{"line":52,"column":29}},"22":{"start":{"line":54,"column":27},"end":{"line":54,"column":67}},"23":{"start":{"line":55,"column":4},"end":{"line":55,"column":29}},"24":{"start":{"line":58,"column":13},"end":{"line":66,"column":2}}},"fnMap":{"0":{"name":"insert","decl":{"start":{"line":6,"column":15},"end":{"line":6,"column":21}},"loc":{"start":{"line":6,"column":49},"end":{"line":15,"column":null}}},"1":{"name":"upvote","decl":{"start":{"line":17,"column":15},"end":{"line":17,"column":21}},"loc":{"start":{"line":17,"column":49},"end":{"line":23,"column":null}}},"2":{"name":"downvote","decl":{"start":{"line":25,"column":15},"end":{"line":25,"column":23}},"loc":{"start":{"line":25,"column":51},"end":{"line":31,"column":null}}},"3":{"name":"random","decl":{"start":{"line":33,"column":15},"end":{"line":33,"column":21}},"loc":{"start":{"line":33,"column":49},"end":{"line":37,"column":null}}},"4":{"name":"get","decl":{"start":{"line":39,"column":15},"end":{"line":39,"column":18}},"loc":{"start":{"line":39,"column":46},"end":{"line":42,"column":null}}},"5":{"name":"getTop","decl":{"start":{"line":44,"column":15},"end":{"line":44,"column":21}},"loc":{"start":{"line":44,"column":49},"end":{"line":49,"column":null}}},"6":{"name":"getById","decl":{"start":{"line":51,"column":15},"end":{"line":51,"column":22}},"loc":{"start":{"line":51,"column":50},"end":{"line":56,"column":null}}}},"branchMap":{"0":{"loc":{"start":{"line":8,"column":4},"end":{"line":10,"column":null}},"type":"if","locations":[{"start":{"line":8,"column":4},"end":{"line":10,"column":null}}]}},"s":{"0":1,"1":1,"2":1,"3":4,"4":4,"5":3,"6":1,"7":1,"8":1,"9":1,"10":1,"11":0,"12":0,"13":0,"14":0,"15":0,"16":0,"17":0,"18":0,"19":0,"20":0,"21":0,"22":0,"23":0,"24":1},"f":{"0":4,"1":1,"2":0,"3":0,"4":0,"5":0,"6":0},"b":{"0":[3]}}
,"/home/ruda/Documents/projeto21-sing-me-a-song/back-end/src/middlewares/errorHandlerMiddleware.ts": {"path":"/home/ruda/Documents/projeto21-sing-me-a-song/back-end/src/middlewares/errorHandlerMiddleware.ts","statementMap":{"0":{"start":{"line":2,"column":0},"end":{"line":2,"column":85}},"1":{"start":{"line":5,"column":4},"end":{"line":5,"column":21}},"2":{"start":{"line":7,"column":4},"end":{"line":9,"column":null}},"3":{"start":{"line":8,"column":8},"end":{"line":8,"column":77}},"4":{"start":{"line":11,"column":4},"end":{"line":11,"column":31}},"5":{"start":{"line":4,"column":0},"end":{"line":4,"column":16}}},"fnMap":{"0":{"name":"errorHandlerMiddleware","decl":{"start":{"line":4,"column":16},"end":{"line":4,"column":38}},"loc":{"start":{"line":4,"column":109},"end":{"line":12,"column":1}}}},"branchMap":{"0":{"loc":{"start":{"line":7,"column":4},"end":{"line":9,"column":null}},"type":"if","locations":[{"start":{"line":7,"column":4},"end":{"line":9,"column":null}}]}},"s":{"0":1,"1":3,"2":3,"3":3,"4":0,"5":1},"f":{"0":3},"b":{"0":[3]}}
,"/home/ruda/Documents/projeto21-sing-me-a-song/back-end/src/repositories/recommendationRepository.ts": {"path":"/home/ruda/Documents/projeto21-sing-me-a-song/back-end/src/repositories/recommendationRepository.ts","statementMap":{"0":{"start":{"line":2,"column":0},"end":{"line":2,"column":40}},"1":{"start":{"line":6,"column":4},"end":{"line":8,"column":7}},"2":{"start":{"line":17,"column":19},"end":{"line":17,"column":49}},"3":{"start":{"line":19,"column":4},"end":{"line":23,"column":7}},"4":{"start":{"line":27,"column":4},"end":{"line":30,"column":7}},"5":{"start":{"line":34,"column":4},"end":{"line":34,"column":33}},"6":{"start":{"line":34,"column":23},"end":{"line":34,"column":33}},"7":{"start":{"line":36,"column":35},"end":{"line":36,"column":47}},"8":{"start":{"line":38,"column":4},"end":{"line":40,"column":6}},"9":{"start":{"line":44,"column":4},"end":{"line":46,"column":7}},"10":{"start":{"line":50,"column":4},"end":{"line":52,"column":7}},"11":{"start":{"line":56,"column":4},"end":{"line":61,"column":7}},"12":{"start":{"line":65,"column":4},"end":{"line":67,"column":7}},"13":{"start":{"line":70,"column":13},"end":{"line":78,"column":2}}},"fnMap":{"0":{"name":"create","decl":{"start":{"line":5,"column":15},"end":{"line":5,"column":21}},"loc":{"start":{"line":5,"column":72},"end":{"line":9,"column":null}}},"1":{"name":"findAll","decl":{"start":{"line":16,"column":9},"end":{"line":16,"column":16}},"loc":{"start":{"line":16,"column":44},"end":{"line":24,"column":1}}},"2":{"name":"getAmountByScore","decl":{"start":{"line":26,"column":9},"end":{"line":26,"column":25}},"loc":{"start":{"line":26,"column":38},"end":{"line":31,"column":1}}},"3":{"name":"getFindAllFilter","decl":{"start":{"line":33,"column":9},"end":{"line":33,"column":25}},"loc":{"start":{"line":33,"column":53},"end":{"line":41,"column":1}}},"4":{"name":"find","decl":{"start":{"line":43,"column":9},"end":{"line":43,"column":13}},"loc":{"start":{"line":43,"column":24},"end":{"line":47,"column":1}}},"5":{"name":"findByName","decl":{"start":{"line":49,"column":9},"end":{"line":49,"column":19}},"loc":{"start":{"line":49,"column":32},"end":{"line":53,"column":1}}},"6":{"name":"updateScore","decl":{"start":{"line":55,"column":15},"end":{"line":55,"column":26}},"loc":{"start":{"line":55,"column":75},"end":{"line":62,"column":null}}},"7":{"name":"remove","decl":{"start":{"line":64,"column":15},"end":{"line":64,"column":21}},"loc":{"start":{"line":64,"column":32},"end":{"line":68,"column":null}}}},"branchMap":{"0":{"loc":{"start":{"line":34,"column":4},"end":{"line":34,"column":33}},"type":"if","locations":[{"start":{"line":34,"column":4},"end":{"line":34,"column":33}}]}},"s":{"0":1,"1":1,"2":0,"3":0,"4":0,"5":0,"6":0,"7":0,"8":0,"9":1,"10":1,"11":1,"12":0,"13":1},"f":{"0":1,"1":0,"2":0,"3":0,"4":1,"5":1,"6":1,"7":0},"b":{"0":[0]}}
,"/home/ruda/Documents/projeto21-sing-me-a-song/back-end/src/routers/recommendationRouter.ts": {"path":"/home/ruda/Documents/projeto21-sing-me-a-song/back-end/src/routers/recommendationRouter.ts","statementMap":{"0":{"start":{"line":1,"column":0},"end":{"line":1,"column":33}},"1":{"start":{"line":2,"column":0},"end":{"line":2,"column":86}},"2":{"start":{"line":4,"column":29},"end":{"line":4,"column":37}},"3":{"start":{"line":6,"column":0},"end":{"line":6,"column":64}},"4":{"start":{"line":7,"column":0},"end":{"line":7,"column":60}},"5":{"start":{"line":8,"column":0},"end":{"line":8,"column":69}},"6":{"start":{"line":9,"column":0},"end":{"line":9,"column":74}},"7":{"start":{"line":10,"column":0},"end":{"line":10,"column":67}},"8":{"start":{"line":11,"column":0},"end":{"line":11,"column":74}},"9":{"start":{"line":12,"column":0},"end":{"line":12,"column":78}},"10":{"start":{"line":14,"column":0},"end":{"line":14,"column":36}}},"fnMap":{},"branchMap":{},"s":{"0":1,"1":1,"2":1,"3":1,"4":1,"5":1,"6":1,"7":1,"8":1,"9":1,"10":1},"f":{},"b":{}}
,"/home/ruda/Documents/projeto21-sing-me-a-song/back-end/src/schemas/recommendationsSchemas.ts": {"path":"/home/ruda/Documents/projeto21-sing-me-a-song/back-end/src/schemas/recommendationsSchemas.ts","statementMap":{"0":{"start":{"line":1,"column":0},"end":{"line":1,"column":22}},"1":{"start":{"line":4,"column":25},"end":{"line":4,"column":78}},"2":{"start":{"line":6,"column":13},"end":{"line":9,"column":3}}},"fnMap":{},"branchMap":{},"s":{"0":1,"1":1,"2":1},"f":{},"b":{}}
,"/home/ruda/Documents/projeto21-sing-me-a-song/back-end/src/services/recommendationsService.ts": {"path":"/home/ruda/Documents/projeto21-sing-me-a-song/back-end/src/services/recommendationsService.ts","statementMap":{"0":{"start":{"line":2,"column":0},"end":{"line":2,"column":87}},"1":{"start":{"line":3,"column":0},"end":{"line":3,"column":70}},"2":{"start":{"line":8,"column":35},"end":{"line":8,"column":107}},"3":{"start":{"line":9,"column":4},"end":{"line":9,"column":92}},"4":{"start":{"line":9,"column":32},"end":{"line":9,"column":92}},"5":{"start":{"line":11,"column":4},"end":{"line":11,"column":68}},"6":{"start":{"line":15,"column":4},"end":{"line":15,"column":28}},"7":{"start":{"line":17,"column":4},"end":{"line":17,"column":64}},"8":{"start":{"line":21,"column":4},"end":{"line":21,"column":28}},"9":{"start":{"line":23,"column":34},"end":{"line":23,"column":93}},"10":{"start":{"line":25,"column":4},"end":{"line":27,"column":null}},"11":{"start":{"line":26,"column":8},"end":{"line":26,"column":50}},"12":{"start":{"line":31,"column":27},"end":{"line":31,"column":66}},"13":{"start":{"line":32,"column":4},"end":{"line":32,"column":47}},"14":{"start":{"line":32,"column":25},"end":{"line":32,"column":47}},"15":{"start":{"line":34,"column":4},"end":{"line":34,"column":26}},"16":{"start":{"line":38,"column":4},"end":{"line":38,"column":46}},"17":{"start":{"line":42,"column":4},"end":{"line":42,"column":61}},"18":{"start":{"line":46,"column":19},"end":{"line":46,"column":32}},"19":{"start":{"line":47,"column":24},"end":{"line":47,"column":46}},"20":{"start":{"line":49,"column":28},"end":{"line":49,"column":57}},"21":{"start":{"line":50,"column":4},"end":{"line":52,"column":null}},"22":{"start":{"line":51,"column":8},"end":{"line":51,"column":30}},"23":{"start":{"line":54,"column":24},"end":{"line":54,"column":74}},"24":{"start":{"line":55,"column":4},"end":{"line":55,"column":40}},"25":{"start":{"line":59,"column":28},"end":{"line":62,"column":6}},"26":{"start":{"line":64,"column":4},"end":{"line":66,"column":null}},"27":{"start":{"line":65,"column":8},"end":{"line":65,"column":31}},"28":{"start":{"line":68,"column":4},"end":{"line":68,"column":46}},"29":{"start":{"line":72,"column":4},"end":{"line":74,"column":null}},"30":{"start":{"line":73,"column":8},"end":{"line":73,"column":20}},"31":{"start":{"line":76,"column":4},"end":{"line":76,"column":17}},"32":{"start":{"line":79,"column":13},"end":{"line":87,"column":2}}},"fnMap":{"0":{"name":"insert","decl":{"start":{"line":7,"column":15},"end":{"line":7,"column":21}},"loc":{"start":{"line":7,"column":72},"end":{"line":12,"column":null}}},"1":{"name":"upvote","decl":{"start":{"line":14,"column":15},"end":{"line":14,"column":21}},"loc":{"start":{"line":14,"column":32},"end":{"line":18,"column":null}}},"2":{"name":"downvote","decl":{"start":{"line":20,"column":15},"end":{"line":20,"column":23}},"loc":{"start":{"line":20,"column":34},"end":{"line":28,"column":null}}},"3":{"name":"getByIdOrFail","decl":{"start":{"line":30,"column":15},"end":{"line":30,"column":28}},"loc":{"start":{"line":30,"column":39},"end":{"line":35,"column":null}}},"4":{"name":"get","decl":{"start":{"line":37,"column":15},"end":{"line":37,"column":18}},"loc":{"start":{"line":37,"column":18},"end":{"line":39,"column":null}}},"5":{"name":"getTop","decl":{"start":{"line":41,"column":15},"end":{"line":41,"column":21}},"loc":{"start":{"line":41,"column":36},"end":{"line":43,"column":null}}},"6":{"name":"getRandom","decl":{"start":{"line":45,"column":15},"end":{"line":45,"column":24}},"loc":{"start":{"line":45,"column":24},"end":{"line":56,"column":null}}},"7":{"name":"getByScore","decl":{"start":{"line":58,"column":15},"end":{"line":58,"column":25}},"loc":{"start":{"line":58,"column":51},"end":{"line":69,"column":null}}},"8":{"name":"getScoreFilter","decl":{"start":{"line":71,"column":9},"end":{"line":71,"column":23}},"loc":{"start":{"line":71,"column":38},"end":{"line":77,"column":1}}}},"branchMap":{"0":{"loc":{"start":{"line":9,"column":4},"end":{"line":9,"column":92}},"type":"if","locations":[{"start":{"line":9,"column":4},"end":{"line":9,"column":92}}]},"1":{"loc":{"start":{"line":25,"column":4},"end":{"line":27,"column":null}},"type":"if","locations":[{"start":{"line":25,"column":4},"end":{"line":27,"column":null}}]},"2":{"loc":{"start":{"line":32,"column":4},"end":{"line":32,"column":47}},"type":"if","locations":[{"start":{"line":32,"column":4},"end":{"line":32,"column":47}}]},"3":{"loc":{"start":{"line":50,"column":4},"end":{"line":52,"column":null}},"type":"if","locations":[{"start":{"line":50,"column":4},"end":{"line":52,"column":null}}]},"4":{"loc":{"start":{"line":64,"column":4},"end":{"line":66,"column":null}},"type":"if","locations":[{"start":{"line":64,"column":4},"end":{"line":66,"column":null}}]},"5":{"loc":{"start":{"line":72,"column":4},"end":{"line":74,"column":null}},"type":"if","locations":[{"start":{"line":72,"column":4},"end":{"line":74,"column":null}}]}},"s":{"0":1,"1":1,"2":1,"3":1,"4":0,"5":1,"6":1,"7":1,"8":0,"9":0,"10":0,"11":0,"12":1,"13":1,"14":0,"15":1,"16":0,"17":0,"18":0,"19":0,"20":0,"21":0,"22":0,"23":0,"24":0,"25":0,"26":0,"27":0,"28":0,"29":0,"30":0,"31":0,"32":1},"f":{"0":1,"1":1,"2":0,"3":1,"4":0,"5":0,"6":0,"7":0,"8":0},"b":{"0":[0],"1":[0],"2":[0],"3":[0],"4":[0],"5":[0]}}
,"/home/ruda/Documents/projeto21-sing-me-a-song/back-end/src/utils/errorUtils.ts": {"path":"/home/ruda/Documents/projeto21-sing-me-a-song/back-end/src/utils/errorUtils.ts","statementMap":{"0":{"start":{"line":8,"column":4},"end":{"line":8,"column":50}},"1":{"start":{"line":7,"column":0},"end":{"line":7,"column":16}},"2":{"start":{"line":12,"column":4},"end":{"line":12,"column":40}},"3":{"start":{"line":12,"column":29},"end":{"line":12,"column":40}},"4":{"start":{"line":13,"column":4},"end":{"line":13,"column":41}},"5":{"start":{"line":13,"column":30},"end":{"line":13,"column":41}},"6":{"start":{"line":14,"column":4},"end":{"line":14,"column":44}},"7":{"start":{"line":14,"column":33},"end":{"line":14,"column":44}},"8":{"start":{"line":15,"column":4},"end":{"line":15,"column":44}},"9":{"start":{"line":15,"column":33},"end":{"line":15,"column":44}},"10":{"start":{"line":16,"column":4},"end":{"line":16,"column":15}},"11":{"start":{"line":11,"column":0},"end":{"line":11,"column":16}},"12":{"start":{"line":20,"column":4},"end":{"line":20,"column":56}},"13":{"start":{"line":19,"column":0},"end":{"line":19,"column":16}},"14":{"start":{"line":24,"column":4},"end":{"line":24,"column":57}},"15":{"start":{"line":23,"column":0},"end":{"line":23,"column":16}},"16":{"start":{"line":28,"column":4},"end":{"line":28,"column":60}},"17":{"start":{"line":27,"column":0},"end":{"line":27,"column":16}},"18":{"start":{"line":32,"column":4},"end":{"line":32,"column":60}},"19":{"start":{"line":31,"column":0},"end":{"line":31,"column":16}}},"fnMap":{"0":{"name":"isAppError","decl":{"start":{"line":7,"column":16},"end":{"line":7,"column":26}},"loc":{"start":{"line":7,"column":40},"end":{"line":9,"column":1}}},"1":{"name":"errorTypeToStatusCode","decl":{"start":{"line":11,"column":16},"end":{"line":11,"column":37}},"loc":{"start":{"line":11,"column":57},"end":{"line":17,"column":1}}},"2":{"name":"conflictError","decl":{"start":{"line":19,"column":16},"end":{"line":19,"column":29}},"loc":{"start":{"line":19,"column":46},"end":{"line":21,"column":1}}},"3":{"name":"notFoundError","decl":{"start":{"line":23,"column":16},"end":{"line":23,"column":29}},"loc":{"start":{"line":23,"column":46},"end":{"line":25,"column":1}}},"4":{"name":"unauthorizedError","decl":{"start":{"line":27,"column":16},"end":{"line":27,"column":33}},"loc":{"start":{"line":27,"column":50},"end":{"line":29,"column":1}}},"5":{"name":"wrongSchemaError","decl":{"start":{"line":31,"column":16},"end":{"line":31,"column":32}},"loc":{"start":{"line":31,"column":49},"end":{"line":33,"column":1}}}},"branchMap":{"0":{"loc":{"start":{"line":12,"column":4},"end":{"line":12,"column":40}},"type":"if","locations":[{"start":{"line":12,"column":4},"end":{"line":12,"column":40}}]},"1":{"loc":{"start":{"line":13,"column":4},"end":{"line":13,"column":41}},"type":"if","locations":[{"start":{"line":13,"column":4},"end":{"line":13,"column":41}}]},"2":{"loc":{"start":{"line":14,"column":4},"end":{"line":14,"column":44}},"type":"if","locations":[{"start":{"line":14,"column":4},"end":{"line":14,"column":44}}]},"3":{"loc":{"start":{"line":15,"column":4},"end":{"line":15,"column":44}},"type":"if","locations":[{"start":{"line":15,"column":4},"end":{"line":15,"column":44}}]},"4":{"loc":{"start":{"line":20,"column":40},"end":{"line":20,"column":53}},"type":"cond-expr","locations":[{"start":{"line":20,"column":40},"end":{"line":20,"column":47}},{"start":{"line":20,"column":51},"end":{"line":20,"column":53}}]},"5":{"loc":{"start":{"line":20,"column":40},"end":{"line":20,"column":51}},"type":"binary-expr","locations":[{"start":{"line":20,"column":40},"end":{"line":20,"column":51}},{"start":{"line":20,"column":40},"end":{"line":20,"column":51}}]},"6":{"loc":{"start":{"line":24,"column":41},"end":{"line":24,"column":54}},"type":"cond-expr","locations":[{"start":{"line":24,"column":41},"end":{"line":24,"column":48}},{"start":{"line":24,"column":52},"end":{"line":24,"column":54}}]},"7":{"loc":{"start":{"line":24,"column":41},"end":{"line":24,"column":52}},"type":"binary-expr","locations":[{"start":{"line":24,"column":41},"end":{"line":24,"column":52}},{"start":{"line":24,"column":41},"end":{"line":24,"column":52}}]},"8":{"loc":{"start":{"line":28,"column":44},"end":{"line":28,"column":57}},"type":"cond-expr","locations":[{"start":{"line":28,"column":44},"end":{"line":28,"column":51}},{"start":{"line":28,"column":55},"end":{"line":28,"column":57}}]},"9":{"loc":{"start":{"line":28,"column":44},"end":{"line":28,"column":55}},"type":"binary-expr","locations":[{"start":{"line":28,"column":44},"end":{"line":28,"column":55}},{"start":{"line":28,"column":44},"end":{"line":28,"column":55}}]},"10":{"loc":{"start":{"line":32,"column":44},"end":{"line":32,"column":57}},"type":"cond-expr","locations":[{"start":{"line":32,"column":44},"end":{"line":32,"column":51}},{"start":{"line":32,"column":55},"end":{"line":32,"column":57}}]},"11":{"loc":{"start":{"line":32,"column":44},"end":{"line":32,"column":55}},"type":"binary-expr","locations":[{"start":{"line":32,"column":44},"end":{"line":32,"column":55}},{"start":{"line":32,"column":44},"end":{"line":32,"column":55}}]}},"s":{"0":3,"1":1,"2":3,"3":0,"4":3,"5":0,"6":3,"7":0,"8":3,"9":3,"10":0,"11":1,"12":0,"13":1,"14":0,"15":1,"16":0,"17":1,"18":3,"19":1},"f":{"0":3,"1":3,"2":0,"3":0,"4":0,"5":3},"b":{"0":[0],"1":[0],"2":[0],"3":[3],"4":[0,0],"5":[0,0],"6":[0,0],"7":[0,0],"8":[0,0],"9":[0,0],"10":[0,3],"11":[3,3]}}
,"/home/ruda/Documents/projeto21-sing-me-a-song/back-end/tests/factory/createRecomendation.ts": {"path":"/home/ruda/Documents/projeto21-sing-me-a-song/back-end/tests/factory/createRecomendation.ts","statementMap":{"0":{"start":{"line":2,"column":28},"end":{"line":17,"column":6}},"1":{"start":{"line":18,"column":4},"end":{"line":18,"column":27}},"2":{"start":{"line":1,"column":0},"end":{"line":1,"column":24}}},"fnMap":{"0":{"name":"recommendationFactory","decl":{"start":{"line":1,"column":24},"end":{"line":1,"column":45}},"loc":{"start":{"line":1,"column":45},"end":{"line":19,"column":1}}}},"branchMap":{},"s":{"0":4,"1":4,"2":1},"f":{"0":4},"b":{}}
}
