TN:
SF:src/app.ts
FNF:0
FNH:0
DA:1,1
DA:2,1
DA:3,1
DA:4,1
DA:5,1
DA:7,1
DA:8,1
DA:9,1
DA:11,1
DA:12,1
DA:14,1
LF:11
LH:11
BRF:0
BRH:0
end_of_record
TN:
SF:src/database.ts
FNF:0
FNH:0
DA:1,1
DA:3,1
DA:5,1
LF:3
LH:3
BRF:0
BRH:0
end_of_record
TN:
SF:src/controllers/recommendationController.ts
FN:6,insert
FN:17,upvote
FN:25,downvote
FN:33,random
FN:39,get
FN:44,getTop
FN:51,getById
FNF:7
FNH:2
FNDA:4,insert
FNDA:1,upvote
FNDA:0,downvote
FNDA:0,random
FNDA:0,get
FNDA:0,getTop
FNDA:0,getById
DA:2,1
DA:3,1
DA:4,1
DA:7,4
DA:8,4
DA:9,3
DA:12,1
DA:14,1
DA:18,1
DA:20,1
DA:22,1
DA:26,0
DA:28,0
DA:30,0
DA:34,0
DA:36,0
DA:40,0
DA:41,0
DA:45,0
DA:47,0
DA:48,0
DA:52,0
DA:54,0
DA:55,0
DA:58,1
LF:25
LH:12
BRDA:8,0,0,3
BRF:1
BRH:1
end_of_record
TN:
SF:src/middlewares/errorHandlerMiddleware.ts
FN:4,errorHandlerMiddleware
FNF:1
FNH:1
FNDA:3,errorHandlerMiddleware
DA:2,1
DA:4,1
DA:5,3
DA:7,3
DA:8,3
DA:11,0
LF:6
LH:5
BRDA:7,0,0,3
BRF:1
BRH:1
end_of_record
TN:
SF:src/repositories/recommendationRepository.ts
FN:5,create
FN:16,findAll
FN:26,getAmountByScore
FN:33,getFindAllFilter
FN:43,find
FN:49,findByName
FN:55,updateScore
FN:64,remove
FNF:8
FNH:4
FNDA:1,create
FNDA:0,findAll
FNDA:0,getAmountByScore
FNDA:0,getFindAllFilter
FNDA:1,find
FNDA:1,findByName
FNDA:1,updateScore
FNDA:0,remove
DA:2,1
DA:6,1
DA:17,0
DA:19,0
DA:27,0
DA:34,0
DA:36,0
DA:38,0
DA:44,1
DA:50,1
DA:56,1
DA:65,0
DA:70,1
LF:13
LH:6
BRDA:34,0,0,0
BRF:1
BRH:0
end_of_record
TN:
SF:src/routers/recommendationRouter.ts
FNF:0
FNH:0
DA:1,1
DA:2,1
DA:4,1
DA:6,1
DA:7,1
DA:8,1
DA:9,1
DA:10,1
DA:11,1
DA:12,1
DA:14,1
LF:11
LH:11
BRF:0
BRH:0
end_of_record
TN:
SF:src/schemas/recommendationsSchemas.ts
FNF:0
FNH:0
DA:1,1
DA:4,1
DA:6,1
LF:3
LH:3
BRF:0
BRH:0
end_of_record
TN:
SF:src/services/recommendationsService.ts
FN:7,insert
FN:14,upvote
FN:20,downvote
FN:30,getByIdOrFail
FN:37,get
FN:41,getTop
FN:45,getRandom
FN:58,getByScore
FN:71,getScoreFilter
FNF:9
FNH:3
FNDA:1,insert
FNDA:1,upvote
FNDA:0,downvote
FNDA:1,getByIdOrFail
FNDA:0,get
FNDA:0,getTop
FNDA:0,getRandom
FNDA:0,getByScore
FNDA:0,getScoreFilter
DA:2,1
DA:3,1
DA:8,1
DA:9,1
DA:11,1
DA:15,1
DA:17,1
DA:21,0
DA:23,0
DA:25,0
DA:26,0
DA:31,1
DA:32,1
DA:34,1
DA:38,0
DA:42,0
DA:46,0
DA:47,0
DA:49,0
DA:50,0
DA:51,0
DA:54,0
DA:55,0
DA:59,0
DA:64,0
DA:65,0
DA:68,0
DA:72,0
DA:73,0
DA:76,0
DA:79,1
LF:31
LH:11
BRDA:9,0,0,0
BRDA:25,1,0,0
BRDA:32,2,0,0
BRDA:50,3,0,0
BRDA:64,4,0,0
BRDA:72,5,0,0
BRF:6
BRH:0
end_of_record
TN:
SF:src/utils/errorUtils.ts
FN:7,isAppError
FN:11,errorTypeToStatusCode
FN:19,conflictError
FN:23,notFoundError
FN:27,unauthorizedError
FN:31,wrongSchemaError
FNF:6
FNH:3
FNDA:3,isAppError
FNDA:3,errorTypeToStatusCode
FNDA:0,conflictError
FNDA:0,notFoundError
FNDA:0,unauthorizedError
FNDA:3,wrongSchemaError
DA:7,1
DA:8,3
DA:11,1
DA:12,3
DA:13,3
DA:14,3
DA:15,3
DA:16,0
DA:19,1
DA:20,0
DA:23,1
DA:24,0
DA:27,1
DA:28,0
DA:31,1
DA:32,3
LF:16
LH:12
BRDA:12,0,0,0
BRDA:13,1,0,0
BRDA:14,2,0,0
BRDA:15,3,0,3
BRDA:20,4,0,0
BRDA:20,4,1,0
BRDA:20,5,0,0
BRDA:20,5,1,0
BRDA:24,6,0,0
BRDA:24,6,1,0
BRDA:24,7,0,0
BRDA:24,7,1,0
BRDA:28,8,0,0
BRDA:28,8,1,0
BRDA:28,9,0,0
BRDA:28,9,1,0
BRDA:32,10,0,0
BRDA:32,10,1,3
BRDA:32,11,0,3
BRDA:32,11,1,3
BRF:20
BRH:4
end_of_record
TN:
SF:tests/factory/createRecomendation.ts
FN:1,recommendationFactory
FNF:1
FNH:1
FNDA:4,recommendationFactory
DA:1,1
DA:2,4
DA:18,4
LF:3
LH:3
BRF:0
BRH:0
end_of_record
