TN:
SF:src/app.ts
FNF:0
FNH:0
DA:1,1
DA:2,1
DA:3,1
DA:4,1
DA:5,1
DA:7,1
DA:8,1
DA:9,1
DA:11,1
DA:12,1
DA:14,1
LF:11
LH:11
BRF:0
BRH:0
end_of_record
TN:
SF:src/database.ts
FNF:0
FNH:0
DA:1,2
DA:3,2
DA:5,2
LF:3
LH:3
BRF:0
BRH:0
end_of_record
TN:
SF:src/controllers/recommendationController.ts
FN:6,insert
FN:17,upvote
FN:25,downvote
FN:33,random
FN:39,get
FN:44,getTop
FN:51,getById
FNF:7
FNH:7
FNDA:5,insert
FNDA:1,upvote
FNDA:1,downvote
FNDA:2,random
FNDA:2,get
FNDA:1,getTop
FNDA:2,getById
DA:2,1
DA:3,1
DA:4,1
DA:7,5
DA:8,5
DA:9,2
DA:12,3
DA:14,2
DA:18,1
DA:20,1
DA:22,1
DA:26,1
DA:28,1
DA:30,1
DA:34,2
DA:36,1
DA:40,2
DA:41,2
DA:45,1
DA:47,1
DA:48,1
DA:52,2
DA:54,2
DA:55,2
DA:58,1
LF:25
LH:25
BRDA:8,0,0,2
BRF:1
BRH:1
end_of_record
TN:
SF:src/middlewares/errorHandlerMiddleware.ts
FN:4,errorHandlerMiddleware
FNF:1
FNH:1
FNDA:4,errorHandlerMiddleware
DA:2,1
DA:4,1
DA:5,4
DA:7,4
DA:8,4
DA:11,0
LF:6
LH:5
BRDA:7,0,0,4
BRF:1
BRH:1
end_of_record
TN:
SF:src/repositories/recommendationRepository.ts
FN:5,create
FN:16,findAll
FN:26,getAmountByScore
FN:33,getFindAllFilter
FN:43,find
FN:49,findByName
FN:55,updateScore
FN:64,remove
FNF:8
FNH:7
FNDA:2,create
FNDA:5,findAll
FNDA:1,getAmountByScore
FNDA:5,getFindAllFilter
FNDA:4,find
FNDA:3,findByName
FNDA:2,updateScore
FNDA:0,remove
DA:2,2
DA:6,2
DA:17,5
DA:19,5
DA:27,1
DA:34,5
DA:36,2
DA:38,2
DA:44,4
DA:50,3
DA:56,2
DA:65,0
DA:70,2
LF:13
LH:12
BRDA:34,0,0,3
BRF:1
BRH:1
end_of_record
TN:
SF:src/routers/recommendationRouter.ts
FNF:0
FNH:0
DA:1,1
DA:2,1
DA:4,1
DA:6,1
DA:7,1
DA:8,1
DA:9,1
DA:10,1
DA:11,1
DA:12,1
DA:14,1
LF:11
LH:11
BRF:0
BRH:0
end_of_record
TN:
SF:src/schemas/recommendationsSchemas.ts
FNF:0
FNH:0
DA:1,1
DA:4,1
DA:6,1
LF:3
LH:3
BRF:0
BRH:0
end_of_record
TN:
SF:src/services/recommendationsService.ts
FN:7,insert
FN:14,upvote
FN:20,downvote
FN:30,getByIdOrFail
FN:37,get
FN:41,getTop
FN:45,getRandom
FN:58,getByScore
FN:71,getScoreFilter
FNF:9
FNH:9
FNDA:4,insert
FNDA:2,upvote
FNDA:3,downvote
FNDA:7,getByIdOrFail
FNDA:2,get
FNDA:1,getTop
FNDA:3,getRandom
FNDA:3,getByScore
FNDA:3,getScoreFilter
DA:2,2
DA:3,2
DA:8,4
DA:9,4
DA:11,2
DA:15,2
DA:17,1
DA:21,3
DA:23,2
DA:25,2
DA:26,1
DA:31,7
DA:32,7
DA:34,5
DA:38,2
DA:42,1
DA:46,3
DA:47,3
DA:49,3
DA:50,3
DA:51,2
DA:54,1
DA:55,1
DA:59,3
DA:64,3
DA:65,1
DA:68,2
DA:72,3
DA:73,2
DA:76,1
DA:79,2
LF:31
LH:31
BRDA:9,0,0,2
BRDA:25,1,0,1
BRDA:32,2,0,2
BRDA:50,3,0,2
BRDA:64,4,0,1
BRDA:72,5,0,2
BRF:6
BRH:6
end_of_record
TN:
SF:src/utils/errorUtils.ts
FN:7,isAppError
FN:11,errorTypeToStatusCode
FN:18,conflictError
FN:22,notFoundError
FN:26,wrongSchemaError
FNF:5
FNH:5
FNDA:4,isAppError
FNDA:4,errorTypeToStatusCode
FNDA:2,conflictError
FNDA:4,notFoundError
FNDA:2,wrongSchemaError
DA:7,2
DA:8,4
DA:11,2
DA:12,4
DA:13,3
DA:14,2
DA:15,0
DA:18,2
DA:19,2
DA:22,2
DA:23,4
DA:26,2
DA:27,2
LF:13
LH:12
BRDA:12,0,0,1
BRDA:13,1,0,1
BRDA:14,2,0,2
BRDA:19,3,0,2
BRDA:19,3,1,0
BRDA:19,4,0,2
BRDA:19,4,1,2
BRDA:23,5,0,0
BRDA:23,5,1,4
BRDA:23,6,0,4
BRDA:23,6,1,4
BRDA:27,7,0,0
BRDA:27,7,1,2
BRDA:27,8,0,2
BRDA:27,8,1,2
BRF:15
BRH:12
end_of_record
TN:
SF:tests/factory/createRecomendation.ts
FN:1,recommendationFactory
FNF:1
FNH:1
FNDA:11,recommendationFactory
DA:1,1
DA:2,11
DA:20,11
LF:3
LH:3
BRF:0
BRH:0
end_of_record
TN:
SF:tests/factory/createRecommendationsAmount.ts
FN:2,recommendationsAmount
FNF:1
FNH:1
FNDA:3,recommendationsAmount
DA:2,2
DA:3,3
DA:24,3
LF:3
LH:3
BRF:0
BRH:0
end_of_record
